<?xml version="1.0" encoding="UTF-8"?>
<testng-results ignored="0" total="1" passed="1" failed="0" skipped="0">
  <reporter-output>
  </reporter-output>
  <suite started-at="2025-08-10T11:52:05 BDT" name="Default suite" finished-at="2025-08-10T11:52:55 BDT" duration-ms="50075">
    <groups>
    </groups>
    <test started-at="2025-08-10T11:52:05 BDT" name="Default test" finished-at="2025-08-10T11:52:55 BDT" duration-ms="50075">
      <class name="locator.WebTest">
        <test-method signature="testWebPage()[pri:0, instance:locator.WebTest@2d7275fc]" started-at="2025-08-10T11:52:05 BDT" name="testWebPage" finished-at="2025-08-10T11:52:55 BDT" duration-ms="49974" status="PASS">
          <reporter-output>
          </reporter-output>
        </test-method> <!-- testWebPage -->
      </class> <!-- locator.WebTest -->
    </test> <!-- Default test -->
  </suite> <!-- Default suite -->
</testng-results>
